{
  "stats": {
    "suites": 1,
    "tests": 5,
    "passes": 5,
    "pending": 0,
    "failures": 0,
    "start": "2025-09-19T16:00:46.321Z",
    "end": "2025-09-19T16:00:52.585Z",
    "duration": 6264,
    "testsRegistered": 5,
    "passPercent": 100,
    "pendingPercent": 0,
    "other": 0,
    "hasOther": false,
    "skipped": 0,
    "hasSkipped": false
  },
  "results": [
    {
      "uuid": "7abb02c1-6e21-40e3-b496-a226019c6716",
      "title": "",
      "fullFile": "cypress/e2e/LoginTests.cy.js",
      "file": "cypress/e2e/LoginTests.cy.js",
      "beforeHooks": [],
      "afterHooks": [],
      "tests": [],
      "suites": [
        {
          "uuid": "72e00468-c217-4076-9388-0d5ea57c3dbf",
          "title": "Login Tests",
          "fullFile": "",
          "file": "",
          "beforeHooks": [],
          "afterHooks": [],
          "tests": [
            {
              "title": "Case: valid login",
              "fullTitle": "Login Tests Case: valid login",
              "timedOut": null,
              "duration": 1550,
              "state": "passed",
              "speed": "fast",
              "pass": true,
              "fail": false,
              "pending": false,
              "context": null,
              "code": "cy.login(row.username, row.password);\nswitch (row.expected) {\n  case 'success':\n    cy.url().should('include', '/inventory.html');\n    _LoginPage.default.inventory().should('be.visible', {\n      timeout: 10000\n    });\n    break;\n  case 'locked':\n    _LoginPage.default.error().should('contain.text', 'locked out');\n    break;\n  case 'username_required':\n    _LoginPage.default.error().should('contain.text', 'Username is required');\n    break;\n  case 'password_required':\n    _LoginPage.default.error().should('contain.text', 'Password is required');\n    break;\n  default:\n    _LoginPage.default.error().should('contain.text', 'Username and password do not match');\n}",
              "err": {},
              "uuid": "bac1d150-0cff-4183-bef0-ed50e1598922",
              "parentUUID": "72e00468-c217-4076-9388-0d5ea57c3dbf",
              "isHook": false,
              "skipped": false
            },
            {
              "title": "Case: locked out user",
              "fullTitle": "Login Tests Case: locked out user",
              "timedOut": null,
              "duration": 1077,
              "state": "passed",
              "speed": "fast",
              "pass": true,
              "fail": false,
              "pending": false,
              "context": null,
              "code": "cy.login(row.username, row.password);\nswitch (row.expected) {\n  case 'success':\n    cy.url().should('include', '/inventory.html');\n    _LoginPage.default.inventory().should('be.visible', {\n      timeout: 10000\n    });\n    break;\n  case 'locked':\n    _LoginPage.default.error().should('contain.text', 'locked out');\n    break;\n  case 'username_required':\n    _LoginPage.default.error().should('contain.text', 'Username is required');\n    break;\n  case 'password_required':\n    _LoginPage.default.error().should('contain.text', 'Password is required');\n    break;\n  default:\n    _LoginPage.default.error().should('contain.text', 'Username and password do not match');\n}",
              "err": {},
              "uuid": "0c044bce-5ccb-4fec-8d63-b0d412e2c27a",
              "parentUUID": "72e00468-c217-4076-9388-0d5ea57c3dbf",
              "isHook": false,
              "skipped": false
            },
            {
              "title": "Case: empty username",
              "fullTitle": "Login Tests Case: empty username",
              "timedOut": null,
              "duration": 676,
              "state": "passed",
              "speed": "fast",
              "pass": true,
              "fail": false,
              "pending": false,
              "context": null,
              "code": "cy.login(row.username, row.password);\nswitch (row.expected) {\n  case 'success':\n    cy.url().should('include', '/inventory.html');\n    _LoginPage.default.inventory().should('be.visible', {\n      timeout: 10000\n    });\n    break;\n  case 'locked':\n    _LoginPage.default.error().should('contain.text', 'locked out');\n    break;\n  case 'username_required':\n    _LoginPage.default.error().should('contain.text', 'Username is required');\n    break;\n  case 'password_required':\n    _LoginPage.default.error().should('contain.text', 'Password is required');\n    break;\n  default:\n    _LoginPage.default.error().should('contain.text', 'Username and password do not match');\n}",
              "err": {},
              "uuid": "8fdd35ee-26c7-4bac-b558-360afd7357e3",
              "parentUUID": "72e00468-c217-4076-9388-0d5ea57c3dbf",
              "isHook": false,
              "skipped": false
            },
            {
              "title": "Case: empty password",
              "fullTitle": "Login Tests Case: empty password",
              "timedOut": null,
              "duration": 730,
              "state": "passed",
              "speed": "fast",
              "pass": true,
              "fail": false,
              "pending": false,
              "context": null,
              "code": "cy.login(row.username, row.password);\nswitch (row.expected) {\n  case 'success':\n    cy.url().should('include', '/inventory.html');\n    _LoginPage.default.inventory().should('be.visible', {\n      timeout: 10000\n    });\n    break;\n  case 'locked':\n    _LoginPage.default.error().should('contain.text', 'locked out');\n    break;\n  case 'username_required':\n    _LoginPage.default.error().should('contain.text', 'Username is required');\n    break;\n  case 'password_required':\n    _LoginPage.default.error().should('contain.text', 'Password is required');\n    break;\n  default:\n    _LoginPage.default.error().should('contain.text', 'Username and password do not match');\n}",
              "err": {},
              "uuid": "a75e556b-2e96-41f1-9a2b-2740be93446d",
              "parentUUID": "72e00468-c217-4076-9388-0d5ea57c3dbf",
              "isHook": false,
              "skipped": false
            },
            {
              "title": "Case: wrong password",
              "fullTitle": "Login Tests Case: wrong password",
              "timedOut": null,
              "duration": 894,
              "state": "passed",
              "speed": "fast",
              "pass": true,
              "fail": false,
              "pending": false,
              "context": null,
              "code": "cy.login(row.username, row.password);\nswitch (row.expected) {\n  case 'success':\n    cy.url().should('include', '/inventory.html');\n    _LoginPage.default.inventory().should('be.visible', {\n      timeout: 10000\n    });\n    break;\n  case 'locked':\n    _LoginPage.default.error().should('contain.text', 'locked out');\n    break;\n  case 'username_required':\n    _LoginPage.default.error().should('contain.text', 'Username is required');\n    break;\n  case 'password_required':\n    _LoginPage.default.error().should('contain.text', 'Password is required');\n    break;\n  default:\n    _LoginPage.default.error().should('contain.text', 'Username and password do not match');\n}",
              "err": {},
              "uuid": "8eb1a6f4-2941-4293-b6ab-9437c8c83a9d",
              "parentUUID": "72e00468-c217-4076-9388-0d5ea57c3dbf",
              "isHook": false,
              "skipped": false
            }
          ],
          "suites": [],
          "passes": [
            "bac1d150-0cff-4183-bef0-ed50e1598922",
            "0c044bce-5ccb-4fec-8d63-b0d412e2c27a",
            "8fdd35ee-26c7-4bac-b558-360afd7357e3",
            "a75e556b-2e96-41f1-9a2b-2740be93446d",
            "8eb1a6f4-2941-4293-b6ab-9437c8c83a9d"
          ],
          "failures": [],
          "pending": [],
          "skipped": [],
          "duration": 4927,
          "root": false,
          "rootEmpty": false,
          "_timeout": 2000
        }
      ],
      "passes": [],
      "failures": [],
      "pending": [],
      "skipped": [],
      "duration": 0,
      "root": true,
      "rootEmpty": true,
      "_timeout": 2000
    }
  ],
  "meta": {
    "mocha": {
      "version": "7.2.0"
    },
    "mochawesome": {
      "options": {
        "quiet": false,
        "reportFilename": "mochawesome",
        "saveHtml": false,
        "saveJson": true,
        "consoleReporter": "spec",
        "useInlineDiffs": false,
        "code": true
      },
      "version": "7.1.4"
    },
    "marge": {
      "options": {
        "overwrite": false,
        "html": false,
        "json": true,
        "reportDir": "cypress/reports"
      },
      "version": "6.3.0"
    }
  }
}