{
  "stats": {
    "suites": 1,
    "tests": 5,
    "passes": 5,
    "pending": 0,
    "failures": 0,
    "start": "2025-09-19T15:59:46.450Z",
    "end": "2025-09-19T15:59:52.945Z",
    "duration": 6495,
    "testsRegistered": 5,
    "passPercent": 100,
    "pendingPercent": 0,
    "other": 0,
    "hasOther": false,
    "skipped": 0,
    "hasSkipped": false
  },
  "results": [
    {
      "uuid": "fdf1cde6-a7a8-40e2-be6f-7d15916e079d",
      "title": "",
      "fullFile": "cypress/e2e/LoginTests.cy.js",
      "file": "cypress/e2e/LoginTests.cy.js",
      "beforeHooks": [],
      "afterHooks": [],
      "tests": [],
      "suites": [
        {
          "uuid": "27ce2589-083e-4992-8a0e-642cefe2899b",
          "title": "Login Tests",
          "fullFile": "",
          "file": "",
          "beforeHooks": [],
          "afterHooks": [],
          "tests": [
            {
              "title": "Case: valid login",
              "fullTitle": "Login Tests Case: valid login",
              "timedOut": null,
              "duration": 1642,
              "state": "passed",
              "speed": "fast",
              "pass": true,
              "fail": false,
              "pending": false,
              "context": null,
              "code": "cy.login(row.username, row.password);\nswitch (row.expected) {\n  case 'success':\n    cy.url().should('include', '/inventory.html');\n    _LoginPage.default.inventory().should('be.visible', {\n      timeout: 10000\n    });\n    break;\n  case 'locked':\n    _LoginPage.default.error().should('contain.text', 'locked out');\n    break;\n  case 'username_required':\n    _LoginPage.default.error().should('contain.text', 'Username is required');\n    break;\n  case 'password_required':\n    _LoginPage.default.error().should('contain.text', 'Password is required');\n    break;\n  default:\n    _LoginPage.default.error().should('contain.text', 'Username and password do not match');\n}",
              "err": {},
              "uuid": "412862c2-52e5-4e63-bd16-d444f2c5615c",
              "parentUUID": "27ce2589-083e-4992-8a0e-642cefe2899b",
              "isHook": false,
              "skipped": false
            },
            {
              "title": "Case: locked out user",
              "fullTitle": "Login Tests Case: locked out user",
              "timedOut": null,
              "duration": 1096,
              "state": "passed",
              "speed": "fast",
              "pass": true,
              "fail": false,
              "pending": false,
              "context": null,
              "code": "cy.login(row.username, row.password);\nswitch (row.expected) {\n  case 'success':\n    cy.url().should('include', '/inventory.html');\n    _LoginPage.default.inventory().should('be.visible', {\n      timeout: 10000\n    });\n    break;\n  case 'locked':\n    _LoginPage.default.error().should('contain.text', 'locked out');\n    break;\n  case 'username_required':\n    _LoginPage.default.error().should('contain.text', 'Username is required');\n    break;\n  case 'password_required':\n    _LoginPage.default.error().should('contain.text', 'Password is required');\n    break;\n  default:\n    _LoginPage.default.error().should('contain.text', 'Username and password do not match');\n}",
              "err": {},
              "uuid": "b21e5184-f701-4df8-b43b-0ac19f884b5c",
              "parentUUID": "27ce2589-083e-4992-8a0e-642cefe2899b",
              "isHook": false,
              "skipped": false
            },
            {
              "title": "Case: empty username",
              "fullTitle": "Login Tests Case: empty username",
              "timedOut": null,
              "duration": 687,
              "state": "passed",
              "speed": "fast",
              "pass": true,
              "fail": false,
              "pending": false,
              "context": null,
              "code": "cy.login(row.username, row.password);\nswitch (row.expected) {\n  case 'success':\n    cy.url().should('include', '/inventory.html');\n    _LoginPage.default.inventory().should('be.visible', {\n      timeout: 10000\n    });\n    break;\n  case 'locked':\n    _LoginPage.default.error().should('contain.text', 'locked out');\n    break;\n  case 'username_required':\n    _LoginPage.default.error().should('contain.text', 'Username is required');\n    break;\n  case 'password_required':\n    _LoginPage.default.error().should('contain.text', 'Password is required');\n    break;\n  default:\n    _LoginPage.default.error().should('contain.text', 'Username and password do not match');\n}",
              "err": {},
              "uuid": "fedf061c-2b6b-45f2-b514-095a8ba7d3dc",
              "parentUUID": "27ce2589-083e-4992-8a0e-642cefe2899b",
              "isHook": false,
              "skipped": false
            },
            {
              "title": "Case: empty password",
              "fullTitle": "Login Tests Case: empty password",
              "timedOut": null,
              "duration": 714,
              "state": "passed",
              "speed": "fast",
              "pass": true,
              "fail": false,
              "pending": false,
              "context": null,
              "code": "cy.login(row.username, row.password);\nswitch (row.expected) {\n  case 'success':\n    cy.url().should('include', '/inventory.html');\n    _LoginPage.default.inventory().should('be.visible', {\n      timeout: 10000\n    });\n    break;\n  case 'locked':\n    _LoginPage.default.error().should('contain.text', 'locked out');\n    break;\n  case 'username_required':\n    _LoginPage.default.error().should('contain.text', 'Username is required');\n    break;\n  case 'password_required':\n    _LoginPage.default.error().should('contain.text', 'Password is required');\n    break;\n  default:\n    _LoginPage.default.error().should('contain.text', 'Username and password do not match');\n}",
              "err": {},
              "uuid": "73e54efe-878c-407d-b846-5724099b6892",
              "parentUUID": "27ce2589-083e-4992-8a0e-642cefe2899b",
              "isHook": false,
              "skipped": false
            },
            {
              "title": "Case: wrong password",
              "fullTitle": "Login Tests Case: wrong password",
              "timedOut": null,
              "duration": 887,
              "state": "passed",
              "speed": "fast",
              "pass": true,
              "fail": false,
              "pending": false,
              "context": null,
              "code": "cy.login(row.username, row.password);\nswitch (row.expected) {\n  case 'success':\n    cy.url().should('include', '/inventory.html');\n    _LoginPage.default.inventory().should('be.visible', {\n      timeout: 10000\n    });\n    break;\n  case 'locked':\n    _LoginPage.default.error().should('contain.text', 'locked out');\n    break;\n  case 'username_required':\n    _LoginPage.default.error().should('contain.text', 'Username is required');\n    break;\n  case 'password_required':\n    _LoginPage.default.error().should('contain.text', 'Password is required');\n    break;\n  default:\n    _LoginPage.default.error().should('contain.text', 'Username and password do not match');\n}",
              "err": {},
              "uuid": "9ed0d816-bff6-4ef1-9746-5b923ca87ba1",
              "parentUUID": "27ce2589-083e-4992-8a0e-642cefe2899b",
              "isHook": false,
              "skipped": false
            }
          ],
          "suites": [],
          "passes": [
            "412862c2-52e5-4e63-bd16-d444f2c5615c",
            "b21e5184-f701-4df8-b43b-0ac19f884b5c",
            "fedf061c-2b6b-45f2-b514-095a8ba7d3dc",
            "73e54efe-878c-407d-b846-5724099b6892",
            "9ed0d816-bff6-4ef1-9746-5b923ca87ba1"
          ],
          "failures": [],
          "pending": [],
          "skipped": [],
          "duration": 5026,
          "root": false,
          "rootEmpty": false,
          "_timeout": 2000
        }
      ],
      "passes": [],
      "failures": [],
      "pending": [],
      "skipped": [],
      "duration": 0,
      "root": true,
      "rootEmpty": true,
      "_timeout": 2000
    }
  ],
  "meta": {
    "mocha": {
      "version": "7.2.0"
    },
    "mochawesome": {
      "options": {
        "quiet": false,
        "reportFilename": "mochawesome",
        "saveHtml": false,
        "saveJson": true,
        "consoleReporter": "spec",
        "useInlineDiffs": false,
        "code": true
      },
      "version": "7.1.4"
    },
    "marge": {
      "options": {
        "overwrite": false,
        "html": false,
        "json": true
      },
      "version": "6.3.0"
    }
  }
}